<?xml version="1.0" ?>
<testsuite errors="0" failures="0" name="tests.TestFlexCylEllipXModel-20141023150937" tests="4" time="0.005">
	<testcase classname="tests.TestFlexCylEllipXModel" name="test1D" time="0.004"/>
	<testcase classname="tests.TestFlexCylEllipXModel" name="test1D_2" time="0.000"/>
	<testcase classname="tests.TestFlexCylEllipXModel" name="testEval_1D" time="0.000"/>
	<testcase classname="tests.TestFlexCylEllipXModel" name="testEval_2D" time="0.000"/>
	<system-out>
<![CDATA[]]>	</system-out>
	<system-err>
<![CDATA[]]>	</system-err>
</testsuite>
