<?xml version="1.0" ?>
<testsuite errors="0" failures="0" name="tests.TestLineModel-20141023150937" tests="4" time="0.002">
	<testcase classname="tests.TestLineModel" name="test1D" time="0.001"/>
	<testcase classname="tests.TestLineModel" name="testCriticalPoint" time="0.000"/>
	<testcase classname="tests.TestLineModel" name="testEval_1D" time="0.000"/>
	<testcase classname="tests.TestLineModel" name="testEval_2D" time="0.000"/>
	<system-out>
<![CDATA[]]>	</system-out>
	<system-err>
<![CDATA[]]>	</system-err>
</testsuite>
